c:\users\christian\documents\github\ithitools\ithitoolsvs\x64\release\vc141.pdb
c:\users\christian\documents\github\ithitools\ithitoolsvs\x64\release\ithitools.obj
c:\users\christian\documents\github\ithitools\ithitoolsvs\x64\release\usefultransaction.obj
c:\users\christian\documents\github\ithitools\ithitoolsvs\x64\release\pcap_reader.obj
c:\users\christian\documents\github\ithitools\ithitoolsvs\x64\release\namepattern.obj
c:\users\christian\documents\github\ithitools\ithitoolsvs\x64\release\ithimetrics.obj
c:\users\christian\documents\github\ithitools\ithitoolsvs\x64\release\dnsstats.obj
c:\users\christian\documents\github\ithitools\ithitoolsvs\x64\release\dnscapplugin.obj
c:\users\christian\documents\github\ithitools\ithitoolsvs\x64\release\capturesummary.obj
c:\users\christian\documents\github\ithitools\ithitoolsvs\x64\release\addressfilter.obj
c:\users\christian\documents\github\ithitools\ithitoolsvs\x64\release\getopt.obj
c:\users\christian\documents\github\ithitools\x64\release\ithitoolsvs.ipdb
c:\users\christian\documents\github\ithitools\x64\release\ithitoolsvs.iobj
c:\users\christian\documents\github\ithitools\x64\release\ithitoolsvs.exe
c:\users\christian\documents\github\ithitools\x64\release\ithitoolsvs.pdb
c:\users\christian\documents\github\ithitools\ithitoolsvs\x64\release\ithitoolsvs.tlog\cl.command.1.tlog
c:\users\christian\documents\github\ithitools\ithitoolsvs\x64\release\ithitoolsvs.tlog\cl.read.1.tlog
c:\users\christian\documents\github\ithitools\ithitoolsvs\x64\release\ithitoolsvs.tlog\cl.write.1.tlog
c:\users\christian\documents\github\ithitools\ithitoolsvs\x64\release\ithitoolsvs.tlog\ithitoolsvs.write.1u.tlog
c:\users\christian\documents\github\ithitools\ithitoolsvs\x64\release\ithitoolsvs.tlog\link.command.1.tlog
c:\users\christian\documents\github\ithitools\ithitoolsvs\x64\release\ithitoolsvs.tlog\link.read.1.tlog
c:\users\christian\documents\github\ithitools\ithitoolsvs\x64\release\ithitoolsvs.tlog\link.write.1.tlog
