c:\users\christian\documents\github\ithitools\ithiunit\x64\release\vc141.pdb
c:\users\christian\documents\github\ithitools\ithiunit\x64\release\savetest.obj
c:\users\christian\documents\github\ithitools\ithiunit\x64\release\plugintest.obj
c:\users\christian\documents\github\ithitools\ithiunit\x64\release\metrictest.obj
c:\users\christian\documents\github\ithitools\ithiunit\x64\release\mergetest.obj
c:\users\christian\documents\github\ithitools\ithiunit\x64\release\unittest1.obj
c:\users\christian\documents\github\ithitools\ithiunit\x64\release\ithiunit.pch
c:\users\christian\documents\github\ithitools\ithiunit\x64\release\stdafx.obj
c:\users\christian\documents\github\ithitools\ithiunit\x64\release\testrfc6761.obj
c:\users\christian\documents\github\ithitools\ithiunit\x64\release\patterntest.obj
c:\users\christian\documents\github\ithitools\ithiunit\x64\release\loadtest.obj
c:\users\christian\documents\github\ithitools\ithiunit\x64\release\hashtest.obj
c:\users\christian\documents\github\ithitools\ithiunit\x64\release\capturetest.obj
c:\users\christian\documents\github\ithitools\ithiunit\x64\release\usefultransaction.obj
c:\users\christian\documents\github\ithitools\ithiunit\x64\release\pcap_reader.obj
c:\users\christian\documents\github\ithitools\ithiunit\x64\release\namepattern.obj
c:\users\christian\documents\github\ithitools\ithiunit\x64\release\ithimetrics.obj
c:\users\christian\documents\github\ithitools\ithiunit\x64\release\dnsstats.obj
c:\users\christian\documents\github\ithitools\ithiunit\x64\release\dnscapplugin.obj
c:\users\christian\documents\github\ithitools\ithiunit\x64\release\capturesummary.obj
c:\users\christian\documents\github\ithitools\ithiunit\x64\release\addressfilter.obj
c:\users\christian\documents\github\ithitools\ithiunit\x64\release\getopt.obj
c:\users\christian\documents\github\ithitools\x64\release\ithiunit.lib
c:\users\christian\documents\github\ithitools\x64\release\ithiunit.exp
c:\users\christian\documents\github\ithitools\x64\release\ithiunit.ipdb
c:\users\christian\documents\github\ithitools\x64\release\ithiunit.iobj
c:\users\christian\documents\github\ithitools\x64\release\ithiunit.dll
c:\users\christian\documents\github\ithitools\x64\release\ithiunit.pdb
c:\users\christian\documents\github\ithitools\ithiunit\x64\release\ithiunit.tlog\cl.command.1.tlog
c:\users\christian\documents\github\ithitools\ithiunit\x64\release\ithiunit.tlog\cl.read.1.tlog
c:\users\christian\documents\github\ithitools\ithiunit\x64\release\ithiunit.tlog\cl.write.1.tlog
c:\users\christian\documents\github\ithitools\ithiunit\x64\release\ithiunit.tlog\ithiunit.write.1u.tlog
c:\users\christian\documents\github\ithitools\ithiunit\x64\release\ithiunit.tlog\link.command.1.tlog
c:\users\christian\documents\github\ithitools\ithiunit\x64\release\ithiunit.tlog\link.read.1.tlog
c:\users\christian\documents\github\ithitools\ithiunit\x64\release\ithiunit.tlog\link.write.1.tlog
